[+] Containers:
 |- [+] Container: /Game/FirstPerson/Maps/FirstPersonMap
 |   |- [+] ActorDescs:
 |   |   |- Guid:01886C2A43B1076C20136F90AA881724 BaseClass: NativeClass:/Script/Engine.RectLight Name:RectLight_UAID_0456E5043877604402_1939035252 Label:RoomLight13 SpatiallyLoaded:1 Bounds:IsValid=true, Min=(X=-900.000 Y=1260.000 Z=-610.000), Max=(X=1100.000 Y=3260.000 Z=1390.000) RuntimeGrid:None EditorOnly:0 RuntimeOnly:0 HLODRelevant:0 ListedInSceneOutliner:1 IsMainWorldOnly:0 FolderPath:Playground/Room2/Light FolderGuid:B6F293EB44EB7BBB2F0FA4BDB7B405B4
 |   |   |- Guid:035BB78843D011CFD32AE1BEA9D9FD9A BaseClass: NativeClass:/Script/Engine.StaticMeshActor Name:StaticMeshActor_UAID_0456E5043877604402_1939024243 Label:SM_Cube10 SpatiallyLoaded:1 Bounds:IsValid=true, Min=(X=-450.000 Y=720.000 Z=0.000), Max=(X=250.000 Y=820.000 Z=400.000) RuntimeGrid:None EditorOnly:0 RuntimeOnly:0 HLODRelevant:1 ListedInSceneOutliner:1 IsMainWorldOnly:0 FolderPath:Playground/Room1 FolderGuid:4AB50899493EBBACC2E63DAB3A55162D
 |   |   |- Guid:1028FE9F45C3E8861E37FDA95D32258F BaseClass: NativeClass:/Script/Engine.RectLight Name:RectLight_UAID_0456E5043877604402_1939025244 Label:RoomLight6 SpatiallyLoaded:1 Bounds:IsValid=true, Min=(X=-400.000 Y=-530.000 Z=-610.000), Max=(X=1600.000 Y=1470.000 Z=1390.000) RuntimeGrid:None EditorOnly:0 RuntimeOnly:0 HLODRelevant:0 ListedInSceneOutliner:1 IsMainWorldOnly:0 FolderPath:Playground/Room1/Light FolderGuid:B8E45EB84166F7A75C86F895B18425A3
 |   |   |- Guid:1065BF5A425257E361283992DE5063C5 BaseClass: NativeClass:/Script/Engine.RectLight Name:RectLight_UAID_0456E5043877604402_1939027246 Label:RoomLight7 SpatiallyLoaded:1 Bounds:IsValid=true, Min=(X=-900.000 Y=-530.000 Z=-610.000), Max=(X=1100.000 Y=1470.000 Z=1390.000) RuntimeGrid:None EditorOnly:0 RuntimeOnly:0 HLODRelevant:0 ListedInSceneOutliner:1 IsMainWorldOnly:0 FolderPath:Playground/Room1/Light FolderGuid:B8E45EB84166F7A75C86F895B18425A3
 |   |   |- Guid:124C29494B89707DD015CFA9627D8C2F BaseClass: NativeClass:/Script/Engine.StaticMeshActor Name:StaticMeshActor_UAID_0456E5043877604402_1939047264 Label:SM_Cube25 SpatiallyLoaded:1 Bounds:IsValid=true, Min=(X=-450.000 Y=1320.000 Z=-350.000), Max=(X=1150.000 Y=2320.000 Z=-300.000) RuntimeGrid:None EditorOnly:0 RuntimeOnly:0 HLODRelevant:1 ListedInSceneOutliner:1 IsMainWorldOnly:0 FolderPath:Playground/Room2 FolderGuid:C9C991624E953D49E418D2A7E1D6C9B1
 |   |   |- Guid:12D4586740A6EF07A3C330B921275B2C BaseClass: NativeClass:/Script/Engine.RectLight Name:RectLight_UAID_0456E5043877604402_1939026245 Label:RoomLight12 SpatiallyLoaded:1 Bounds:IsValid=true, Min=(X=-400.000 Y=1260.000 Z=-610.000), Max=(X=1600.000 Y=3260.000 Z=1390.000) RuntimeGrid:None EditorOnly:0 RuntimeOnly:0 HLODRelevant:0 ListedInSceneOutliner:1 IsMainWorldOnly:0 FolderPath:Playground/Room2/Light FolderGuid:B6F293EB44EB7BBB2F0FA4BDB7B405B4
 |   |   |- Guid:1FDC767F4355192C370F278C3CFE0FE3 BaseClass: NativeClass:/Script/Engine.StaticMeshActor Name:StaticMeshActor_UAID_0456E5043877604402_1939042259 Label:SM_Cube11 SpatiallyLoaded:1 Bounds:IsValid=true, Min=(X=-450.000 Y=20.000 Z=-50.000), Max=(X=1150.000 Y=820.000 Z=0.000) RuntimeGrid:None EditorOnly:0 RuntimeOnly:0 HLODRelevant:1 ListedInSceneOutliner:1 IsMainWorldOnly:0 FolderPath:Playground/Room1 FolderGuid:4AB50899493EBBACC2E63DAB3A55162D
 |   |   |- Guid:264AA02543A423201D370EA5B43602B1 BaseClass: NativeClass:/Script/Engine.StaticMeshActor Name:StaticMeshActor_UAID_0456E5043877604402_1939050267 Label:SM_Cube21 SpatiallyLoaded:1 Bounds:IsValid=true, Min=(X=-450.000 Y=820.000 Z=0.000), Max=(X=-350.000 Y=2620.000 Z=400.000) RuntimeGrid:None EditorOnly:0 RuntimeOnly:0 HLODRelevant:1 ListedInSceneOutliner:1 IsMainWorldOnly:0 FolderPath:Playground/Room2 FolderGuid:C9C991624E953D49E418D2A7E1D6C9B1
 |   |   |- Guid:2E8F4B46482AF0A93FB0969DB5F5601C BaseClass: NativeClass:/Script/Engine.StaticMeshActor Name:StaticMeshActor_UAID_0456E5043877604402_1939050266 Label:SM_Cube22 SpatiallyLoaded:1 Bounds:IsValid=true, Min=(X=450.000 Y=2620.000 Z=0.000), Max=(X=1150.000 Y=2720.000 Z=400.000) RuntimeGrid:None EditorOnly:0 RuntimeOnly:0 HLODRelevant:1 ListedInSceneOutliner:1 IsMainWorldOnly:0 FolderPath:Playground/Room2 FolderGuid:C9C991624E953D49E418D2A7E1D6C9B1
 |   |   |- Guid:35758C2C462951CC11E9B7806D4512EB BaseClass: NativeClass:/Script/Engine.StaticMeshActor Name:StaticMeshActor_UAID_0456E5043877604402_1939030248 Label:SM_Cube19 SpatiallyLoaded:1 Bounds:IsValid=true, Min=(X=-450.000 Y=720.000 Z=-50.000), Max=(X=1150.000 Y=1395.000 Z=0.000) RuntimeGrid:None EditorOnly:0 RuntimeOnly:0 HLODRelevant:1 ListedInSceneOutliner:1 IsMainWorldOnly:0 FolderPath:Playground/Room2 FolderGuid:C9C991624E953D49E418D2A7E1D6C9B1
 |   |   |- Guid:3B3B808748C6281822298E891C1AF5DB BaseClass: NativeClass:/Script/Engine.StaticMeshActor Name:StaticMeshActor_UAID_0456E5043877604402_1939046263 Label:SM_Cube14 SpatiallyLoaded:1 Bounds:IsValid=true, Min=(X=450.000 Y=720.000 Z=0.000), Max=(X=1150.000 Y=820.000 Z=400.000) RuntimeGrid:None EditorOnly:0 RuntimeOnly:0 HLODRelevant:1 ListedInSceneOutliner:1 IsMainWorldOnly:0 FolderPath:Playground/Room1 FolderGuid:4AB50899493EBBACC2E63DAB3A55162D
 |   |   |- Guid:4941C00F409B38AEFD641AAE42374B24 BaseClass: NativeClass:/Script/Engine.StaticMeshActor Name:StaticMeshActor_UAID_0456E5043877604402_1939044261 Label:SM_Cube16 SpatiallyLoaded:1 Bounds:IsValid=true, Min=(X=-450.000 Y=20.000 Z=400.000), Max=(X=1150.000 Y=820.000 Z=450.000) RuntimeGrid:None EditorOnly:0 RuntimeOnly:0 HLODRelevant:1 ListedInSceneOutliner:1 IsMainWorldOnly:0 FolderPath:Playground/Room1 FolderGuid:4AB50899493EBBACC2E63DAB3A55162D
 |   |   |- Guid:4BC4CF204032325EE45A24A9F57D07C2 BaseClass: NativeClass:/Script/Engine.StaticMeshActor Name:StaticMeshActor_UAID_0456E5043877604402_1939019238 Label:SM_Cube23 SpatiallyLoaded:1 Bounds:IsValid=true, Min=(X=250.000 Y=2620.000 Z=300.000), Max=(X=450.000 Y=2720.000 Z=400.000) RuntimeGrid:None EditorOnly:0 RuntimeOnly:0 HLODRelevant:1 ListedInSceneOutliner:1 IsMainWorldOnly:0 FolderPath:Playground/Room2 FolderGuid:C9C991624E953D49E418D2A7E1D6C9B1
 |   |   |- Guid:4E89C48F44984306F65054B9AC6CA61E BaseClass:/Game/Blueprints/bp_VerticalDoor.bp_VerticalDoor_C NativeClass:/Script/Engine.Actor Name:bp_VerticalDoor_C_UAID_0456E5043877604402_2065058270 Label:bp_VerticalDoor SpatiallyLoaded:1 Bounds:IsValid=true, Min=(X=250.000 Y=735.000 Z=-22.500), Max=(X=450.000 Y=785.000 Z=302.500) RuntimeGrid:None EditorOnly:0 RuntimeOnly:0 HLODRelevant:0 ListedInSceneOutliner:1 IsMainWorldOnly:0 FolderPath:Playground/Room1 FolderGuid:4AB50899493EBBACC2E63DAB3A55162D
 |   |   |- Guid:5D9CF376472A8C802E0529BB41C3E098 BaseClass: NativeClass:/Script/Engine.StaticMeshActor Name:StaticMeshActor_UAID_0456E5043877604402_1939043260 Label:SM_Cube28 SpatiallyLoaded:1 Bounds:IsValid=true, Min=(X=-350.000 Y=1320.000 Z=-300.000), Max=(X=1050.000 Y=1420.000 Z=0.000) RuntimeGrid:None EditorOnly:0 RuntimeOnly:0 HLODRelevant:1 ListedInSceneOutliner:1 IsMainWorldOnly:0 FolderPath:Playground/Room2 FolderGuid:C9C991624E953D49E418D2A7E1D6C9B1
 |   |   |- Guid:67DB75FA4520E29C32A1C98F37A9EB06 BaseClass: NativeClass:/Script/Engine.RectLight Name:RectLight_UAID_0456E5043877604402_1939005235 Label:RoomLight8 SpatiallyLoaded:1 Bounds:IsValid=true, Min=(X=-400.000 Y=170.000 Z=-610.000), Max=(X=1600.000 Y=2170.000 Z=1390.000) RuntimeGrid:None EditorOnly:0 RuntimeOnly:0 HLODRelevant:0 ListedInSceneOutliner:1 IsMainWorldOnly:0 FolderPath:Playground/Room2/Light FolderGuid:B6F293EB44EB7BBB2F0FA4BDB7B405B4
 |   |   |- Guid:693E56734B5BE8524A311B8EED32491A BaseClass: NativeClass:/Script/Engine.StaticMeshActor Name:StaticMeshActor_UAID_0456E5043877604402_1939049265 Label:SM_Cube27 SpatiallyLoaded:1 Bounds:IsValid=true, Min=(X=1050.000 Y=1320.000 Z=-300.000), Max=(X=1150.000 Y=2320.000 Z=0.000) RuntimeGrid:None EditorOnly:0 RuntimeOnly:0 HLODRelevant:1 ListedInSceneOutliner:1 IsMainWorldOnly:0 FolderPath:Playground/Room2 FolderGuid:C9C991624E953D49E418D2A7E1D6C9B1
 |   |   |- Guid:6A18F8CC45E9CE0BE2E94EB48789ADDF BaseClass:/Game/Blueprints/bp_CubePressurePlate.bp_CubePressurePlate_C NativeClass:/Script/Engine.Actor Name:bp_CubePressurePlate_C_UAID_0456E5043877604402_2093627271 Label:bp_CubePressurePlate SpatiallyLoaded:1 Bounds:IsValid=true, Min=(X=611.919 Y=289.883 Z=-29.335), Max=(X=871.549 Y=550.117 Z=132.500) RuntimeGrid:None EditorOnly:0 RuntimeOnly:0 HLODRelevant:0 ListedInSceneOutliner:1 IsMainWorldOnly:0
 |   |   |- Guid:6FEFB3BD4EB37B849EF0D4AC80F83855 BaseClass: NativeClass:/Script/Engine.WorldDataLayers Name:WorldDataLayers Label:WorldDataLayers SpatiallyLoaded:0 Bounds:IsValid=true, Min=(X=0.000 Y=0.000 Z=0.000), Max=(X=0.000 Y=0.000 Z=0.000) RuntimeGrid:None EditorOnly:0 RuntimeOnly:0 HLODRelevant:0 ListedInSceneOutliner:1 IsMainWorldOnly:1
 |   |   |- Guid:77F6551B40BEAAD75F71D1BDB01F9C81 BaseClass: NativeClass:/Script/Engine.StaticMeshActor Name:StaticMeshActor_UAID_0456E5043877604402_1939023242 Label:SM_Cube15 SpatiallyLoaded:1 Bounds:IsValid=true, Min=(X=250.000 Y=720.000 Z=300.000), Max=(X=450.000 Y=820.000 Z=400.000) RuntimeGrid:None EditorOnly:0 RuntimeOnly:0 HLODRelevant:1 ListedInSceneOutliner:1 IsMainWorldOnly:0 FolderPath:Playground/Room1 FolderGuid:4AB50899493EBBACC2E63DAB3A55162D
 |   |   |- Guid:78106592413213C9351F8988FEE7E37D BaseClass: NativeClass:/Script/Engine.StaticMeshActor Name:StaticMeshActor_UAID_0456E5043877614402_1147853449 Label:SM_ChamferCube SpatiallyLoaded:1 Bounds:IsValid=true, Min=(X=-110.000 Y=370.000 Z=10.000), Max=(X=-10.000 Y=470.000 Z=110.000) RuntimeGrid:None EditorOnly:0 RuntimeOnly:0 HLODRelevant:0 ListedInSceneOutliner:1 IsMainWorldOnly:0
 |   |   |- Guid:7CCD49E74E3E358ACACF1AB08C65A41A BaseClass:/Game/Blueprint/bp_door.bp_door_C NativeClass:/Script/Engine.Actor Name:bp_door_C_UAID_6C02E03FE469624402_1276631551 Label:bp_door SpatiallyLoaded:1 Bounds:IsValid=true, Min=(X=660.000 Y=590.000 Z=0.000), Max=(X=760.000 Y=610.000 Z=200.000) RuntimeGrid:None EditorOnly:0 RuntimeOnly:0 HLODRelevant:0 ListedInSceneOutliner:1 IsMainWorldOnly:0
 |   |   |- Guid:92F494F54A5EDFBEF35584AC67A021E9 BaseClass: NativeClass:/Script/Engine.StaticMeshActor Name:StaticMeshActor_UAID_0456E5043877604402_1939052268 Label:SM_Ramp SpatiallyLoaded:1 Bounds:IsValid=true, Min=(X=50.000 Y=1420.000 Z=-300.000), Max=(X=850.000 Y=1520.000 Z=0.000) RuntimeGrid:None EditorOnly:0 RuntimeOnly:0 HLODRelevant:1 ListedInSceneOutliner:1 IsMainWorldOnly:0
 |   |   |- Guid:96F18F3C4DB4B982F0B676B95EEE01DB BaseClass: NativeClass:/Script/Engine.RectLight Name:RectLight_UAID_0456E5043877604402_1939016236 Label:RoomLight9 SpatiallyLoaded:1 Bounds:IsValid=true, Min=(X=-900.000 Y=170.000 Z=-610.000), Max=(X=1100.000 Y=2170.000 Z=1390.000) RuntimeGrid:None EditorOnly:0 RuntimeOnly:0 HLODRelevant:0 ListedInSceneOutliner:1 IsMainWorldOnly:0 FolderPath:Playground/Room2/Light FolderGuid:B6F293EB44EB7BBB2F0FA4BDB7B405B4
 |   |   |- Guid:998E8FC6413F1C73580EDF9B5543FA28 BaseClass: NativeClass:/Script/Engine.StaticMeshActor Name:StaticMeshActor_UAID_0456E5043877604402_1939034251 Label:SM_Cube12 SpatiallyLoaded:1 Bounds:IsValid=true, Min=(X=1050.000 Y=120.000 Z=0.000), Max=(X=1150.000 Y=720.000 Z=400.000) RuntimeGrid:None EditorOnly:0 RuntimeOnly:0 HLODRelevant:1 ListedInSceneOutliner:1 IsMainWorldOnly:0 FolderPath:Playground/Room1 FolderGuid:4AB50899493EBBACC2E63DAB3A55162D
 |   |   |- Guid:9B4832AC40C3979103937EA910E7953E BaseClass: NativeClass:/Script/Engine.PostProcessVolume Name:PostProcessVolume_UAID_0456E5043877604402_1954610269 Label:PostProcessVolume SpatiallyLoaded:0 Bounds:IsValid=true, Min=(X=0.000 Y=0.000 Z=400.000), Max=(X=200.000 Y=200.000 Z=600.000) RuntimeGrid:None EditorOnly:0 RuntimeOnly:0 HLODRelevant:0 ListedInSceneOutliner:1 IsMainWorldOnly:0 FolderPath:Lighting FolderGuid:01E1DB6E46DA12F64FB282879C7D4945
 |   |   |- Guid:9C06FD294A7FBE23899F78BD3A404F6A BaseClass: NativeClass:/Script/Engine.StaticMeshActor Name:StaticMeshActor_UAID_0456E5043877604402_1939020239 Label:SM_Cube30 SpatiallyLoaded:1 Bounds:IsValid=true, Min=(X=-450.000 Y=720.000 Z=400.000), Max=(X=1150.000 Y=2720.000 Z=450.000) RuntimeGrid:None EditorOnly:0 RuntimeOnly:0 HLODRelevant:1 ListedInSceneOutliner:1 IsMainWorldOnly:0 FolderPath:Playground/Room2 FolderGuid:C9C991624E953D49E418D2A7E1D6C9B1
 |   |   |- Guid:A515D17C477EA7C9E06FE7A49242161F BaseClass: NativeClass:/Script/Engine.StaticMeshActor Name:StaticMeshActor_UAID_0456E5043877604402_1939021240 Label:SM_Cube26 SpatiallyLoaded:1 Bounds:IsValid=true, Min=(X=-450.000 Y=1320.000 Z=-300.000), Max=(X=-350.000 Y=2320.000 Z=0.000) RuntimeGrid:None EditorOnly:0 RuntimeOnly:0 HLODRelevant:1 ListedInSceneOutliner:1 IsMainWorldOnly:0 FolderPath:Playground/Room2 FolderGuid:C9C991624E953D49E418D2A7E1D6C9B1
 |   |   |- Guid:A7D56BFE4113B834C4695CB918B2E584 BaseClass: NativeClass:/Script/Engine.StaticMeshActor Name:StaticMeshActor_UAID_0456E5043877604402_1939044262 Label:SM_Cube31 SpatiallyLoaded:1 Bounds:IsValid=true, Min=(X=850.000 Y=1420.000 Z=-300.000), Max=(X=1050.000 Y=1520.000 Z=0.000) RuntimeGrid:None EditorOnly:0 RuntimeOnly:0 HLODRelevant:1 ListedInSceneOutliner:1 IsMainWorldOnly:0 FolderPath:Playground/Room2 FolderGuid:C9C991624E953D49E418D2A7E1D6C9B1
 |   |   |- Guid:BBA728744FC5324B2247FDAA7DE8CF65 BaseClass:/Game/FirstPerson/Blueprints/BP_Pickup_Rifle.BP_Pickup_Rifle_C NativeClass:/Script/Engine.Actor Name:BP_Rifle_C_UAID_0456E5043877604402_1939033250 Label:BP_Pickup_Rifle SpatiallyLoaded:1 Bounds:IsValid=true, Min=(X=318.000 Y=458.000 Z=64.000), Max=(X=382.000 Y=547.440 Z=128.000) RuntimeGrid:None EditorOnly:0 RuntimeOnly:0 HLODRelevant:0 ListedInSceneOutliner:1 IsMainWorldOnly:0
 |   |   |- Guid:BC600D08453B42DD0C8B70AA119C2376 BaseClass: NativeClass:/Script/Engine.PlayerStart Name:PlayerStart_UAID_0456E5043877604402_1939036253 Label:PlayerStart SpatiallyLoaded:0 Bounds:IsValid=true, Min=(X=310.000 Y=310.000 Z=0.013), Max=(X=390.000 Y=390.000 Z=184.013) RuntimeGrid:None EditorOnly:0 RuntimeOnly:0 HLODRelevant:0 ListedInSceneOutliner:1 IsMainWorldOnly:0
 |   |   |- Guid:C917496044874C13A97AEC904DA73C79 BaseClass: NativeClass:/Script/Engine.StaticMeshActor Name:StaticMeshActor_UAID_0456E5043877604402_1939040257 Label:SM_Cube13 SpatiallyLoaded:1 Bounds:IsValid=true, Min=(X=-450.000 Y=120.000 Z=0.000), Max=(X=-350.000 Y=720.000 Z=400.000) RuntimeGrid:None EditorOnly:0 RuntimeOnly:0 HLODRelevant:1 ListedInSceneOutliner:1 IsMainWorldOnly:0 FolderPath:Playground/Room1 FolderGuid:4AB50899493EBBACC2E63DAB3A55162D
 |   |   |- Guid:C92380A042C5FD39938984AB16929A00 BaseClass: NativeClass:/Script/Engine.RectLight Name:RectLight_UAID_0456E5043877604402_1939037254 Label:RoomLight10 SpatiallyLoaded:1 Bounds:IsValid=true, Min=(X=-400.000 Y=720.000 Z=-610.000), Max=(X=1600.000 Y=2720.000 Z=1390.000) RuntimeGrid:None EditorOnly:0 RuntimeOnly:0 HLODRelevant:0 ListedInSceneOutliner:1 IsMainWorldOnly:0 FolderPath:Playground/Room2/Light FolderGuid:B6F293EB44EB7BBB2F0FA4BDB7B405B4
 |   |   |- Guid:CB4F38A44A70654CC0C7B39EC2EA2CF9 BaseClass: NativeClass:/Script/Engine.RectLight Name:RectLight_UAID_0456E5043877604402_1939032249 Label:RoomLight11 SpatiallyLoaded:1 Bounds:IsValid=true, Min=(X=-900.000 Y=720.000 Z=-610.000), Max=(X=1100.000 Y=2720.000 Z=1390.000) RuntimeGrid:None EditorOnly:0 RuntimeOnly:0 HLODRelevant:0 ListedInSceneOutliner:1 IsMainWorldOnly:0 FolderPath:Playground/Room2/Light FolderGuid:B6F293EB44EB7BBB2F0FA4BDB7B405B4
 |   |   |- Guid:DB05DD4A46C76BFA2838B7970BE66703 BaseClass: NativeClass:/Script/Engine.StaticMeshActor Name:StaticMeshActor_UAID_0456E5043877604402_1939039256 Label:SM_Cube29 SpatiallyLoaded:1 Bounds:IsValid=true, Min=(X=-350.000 Y=2220.000 Z=-300.000), Max=(X=1050.000 Y=2320.000 Z=0.000) RuntimeGrid:None EditorOnly:0 RuntimeOnly:0 HLODRelevant:1 ListedInSceneOutliner:1 IsMainWorldOnly:0 FolderPath:Playground/Room2 FolderGuid:C9C991624E953D49E418D2A7E1D6C9B1
 |   |   |- Guid:E042816C40B1E1943576308B704C2BCE BaseClass: NativeClass:/Script/Engine.StaticMeshActor Name:StaticMeshActor_UAID_0456E5043877604402_1939018237 Label:SM_Cube20 SpatiallyLoaded:1 Bounds:IsValid=true, Min=(X=1050.000 Y=820.000 Z=0.000), Max=(X=1150.000 Y=2620.000 Z=400.000) RuntimeGrid:None EditorOnly:0 RuntimeOnly:0 HLODRelevant:1 ListedInSceneOutliner:1 IsMainWorldOnly:0 FolderPath:Playground/Room2 FolderGuid:C9C991624E953D49E418D2A7E1D6C9B1
 |   |   |- Guid:E23F287448ECCD81FC684F951FA13F7D BaseClass: NativeClass:/Script/Engine.StaticMeshActor Name:StaticMeshActor_UAID_0456E5043877604402_1939042258 Label:SM_Cube24 SpatiallyLoaded:1 Bounds:IsValid=true, Min=(X=-450.000 Y=2245.000 Z=-50.000), Max=(X=1150.000 Y=2720.000 Z=0.000) RuntimeGrid:None EditorOnly:0 RuntimeOnly:0 HLODRelevant:1 ListedInSceneOutliner:1 IsMainWorldOnly:0 FolderPath:Playground/Room2 FolderGuid:C9C991624E953D49E418D2A7E1D6C9B1
 |   |   |- Guid:E76AB0C945792FFF851F0F90D9036F04 BaseClass: NativeClass:/Script/Engine.StaticMeshActor Name:StaticMeshActor_UAID_0456E5043877604402_1939038255 Label:SM_Cube17 SpatiallyLoaded:1 Bounds:IsValid=true, Min=(X=-450.000 Y=20.000 Z=0.000), Max=(X=1150.000 Y=120.000 Z=400.000) RuntimeGrid:None EditorOnly:0 RuntimeOnly:0 HLODRelevant:1 ListedInSceneOutliner:1 IsMainWorldOnly:0 FolderPath:Playground/Room1 FolderGuid:4AB50899493EBBACC2E63DAB3A55162D
 |   |   |- Guid:F9DD121547A419E8872D82AB9CDFF0FC BaseClass: NativeClass:/Script/Engine.StaticMeshActor Name:StaticMeshActor_UAID_0456E5043877604402_1939022241 Label:SM_Cube18 SpatiallyLoaded:1 Bounds:IsValid=true, Min=(X=-450.000 Y=2620.000 Z=0.000), Max=(X=250.000 Y=2720.000 Z=400.000) RuntimeGrid:None EditorOnly:0 RuntimeOnly:0 HLODRelevant:1 ListedInSceneOutliner:1 IsMainWorldOnly:0 FolderPath:Playground/Room2 FolderGuid:C9C991624E953D49E418D2A7E1D6C9B1
 |   |- [+] Clusters:
 |   |   |- [+] [  0]
 |   |   |   |- Guid:01886C2A43B1076C20136F90AA881724 BaseClass: NativeClass:/Script/Engine.RectLight Name:RectLight_UAID_0456E5043877604402_1939035252 Label:RoomLight13 SpatiallyLoaded:1 Bounds:IsValid=true, Min=(X=-900.000 Y=1260.000 Z=-610.000), Max=(X=1100.000 Y=3260.000 Z=1390.000) RuntimeGrid:None EditorOnly:0 RuntimeOnly:0 HLODRelevant:0 ListedInSceneOutliner:1 IsMainWorldOnly:0 FolderPath:Playground/Room2/Light FolderGuid:B6F293EB44EB7BBB2F0FA4BDB7B405B4
 |   |   |- [+] [  1]
 |   |   |   |- Guid:035BB78843D011CFD32AE1BEA9D9FD9A BaseClass: NativeClass:/Script/Engine.StaticMeshActor Name:StaticMeshActor_UAID_0456E5043877604402_1939024243 Label:SM_Cube10 SpatiallyLoaded:1 Bounds:IsValid=true, Min=(X=-450.000 Y=720.000 Z=0.000), Max=(X=250.000 Y=820.000 Z=400.000) RuntimeGrid:None EditorOnly:0 RuntimeOnly:0 HLODRelevant:1 ListedInSceneOutliner:1 IsMainWorldOnly:0 FolderPath:Playground/Room1 FolderGuid:4AB50899493EBBACC2E63DAB3A55162D
 |   |   |- [+] [  2]
 |   |   |   |- Guid:1028FE9F45C3E8861E37FDA95D32258F BaseClass: NativeClass:/Script/Engine.RectLight Name:RectLight_UAID_0456E5043877604402_1939025244 Label:RoomLight6 SpatiallyLoaded:1 Bounds:IsValid=true, Min=(X=-400.000 Y=-530.000 Z=-610.000), Max=(X=1600.000 Y=1470.000 Z=1390.000) RuntimeGrid:None EditorOnly:0 RuntimeOnly:0 HLODRelevant:0 ListedInSceneOutliner:1 IsMainWorldOnly:0 FolderPath:Playground/Room1/Light FolderGuid:B8E45EB84166F7A75C86F895B18425A3
 |   |   |- [+] [  3]
 |   |   |   |- Guid:1065BF5A425257E361283992DE5063C5 BaseClass: NativeClass:/Script/Engine.RectLight Name:RectLight_UAID_0456E5043877604402_1939027246 Label:RoomLight7 SpatiallyLoaded:1 Bounds:IsValid=true, Min=(X=-900.000 Y=-530.000 Z=-610.000), Max=(X=1100.000 Y=1470.000 Z=1390.000) RuntimeGrid:None EditorOnly:0 RuntimeOnly:0 HLODRelevant:0 ListedInSceneOutliner:1 IsMainWorldOnly:0 FolderPath:Playground/Room1/Light FolderGuid:B8E45EB84166F7A75C86F895B18425A3
 |   |   |- [+] [  4]
 |   |   |   |- Guid:124C29494B89707DD015CFA9627D8C2F BaseClass: NativeClass:/Script/Engine.StaticMeshActor Name:StaticMeshActor_UAID_0456E5043877604402_1939047264 Label:SM_Cube25 SpatiallyLoaded:1 Bounds:IsValid=true, Min=(X=-450.000 Y=1320.000 Z=-350.000), Max=(X=1150.000 Y=2320.000 Z=-300.000) RuntimeGrid:None EditorOnly:0 RuntimeOnly:0 HLODRelevant:1 ListedInSceneOutliner:1 IsMainWorldOnly:0 FolderPath:Playground/Room2 FolderGuid:C9C991624E953D49E418D2A7E1D6C9B1
 |   |   |- [+] [  5]
 |   |   |   |- Guid:12D4586740A6EF07A3C330B921275B2C BaseClass: NativeClass:/Script/Engine.RectLight Name:RectLight_UAID_0456E5043877604402_1939026245 Label:RoomLight12 SpatiallyLoaded:1 Bounds:IsValid=true, Min=(X=-400.000 Y=1260.000 Z=-610.000), Max=(X=1600.000 Y=3260.000 Z=1390.000) RuntimeGrid:None EditorOnly:0 RuntimeOnly:0 HLODRelevant:0 ListedInSceneOutliner:1 IsMainWorldOnly:0 FolderPath:Playground/Room2/Light FolderGuid:B6F293EB44EB7BBB2F0FA4BDB7B405B4
 |   |   |- [+] [  6]
 |   |   |   |- Guid:1FDC767F4355192C370F278C3CFE0FE3 BaseClass: NativeClass:/Script/Engine.StaticMeshActor Name:StaticMeshActor_UAID_0456E5043877604402_1939042259 Label:SM_Cube11 SpatiallyLoaded:1 Bounds:IsValid=true, Min=(X=-450.000 Y=20.000 Z=-50.000), Max=(X=1150.000 Y=820.000 Z=0.000) RuntimeGrid:None EditorOnly:0 RuntimeOnly:0 HLODRelevant:1 ListedInSceneOutliner:1 IsMainWorldOnly:0 FolderPath:Playground/Room1 FolderGuid:4AB50899493EBBACC2E63DAB3A55162D
 |   |   |- [+] [  7]
 |   |   |   |- Guid:264AA02543A423201D370EA5B43602B1 BaseClass: NativeClass:/Script/Engine.StaticMeshActor Name:StaticMeshActor_UAID_0456E5043877604402_1939050267 Label:SM_Cube21 SpatiallyLoaded:1 Bounds:IsValid=true, Min=(X=-450.000 Y=820.000 Z=0.000), Max=(X=-350.000 Y=2620.000 Z=400.000) RuntimeGrid:None EditorOnly:0 RuntimeOnly:0 HLODRelevant:1 ListedInSceneOutliner:1 IsMainWorldOnly:0 FolderPath:Playground/Room2 FolderGuid:C9C991624E953D49E418D2A7E1D6C9B1
 |   |   |- [+] [  8]
 |   |   |   |- Guid:2E8F4B46482AF0A93FB0969DB5F5601C BaseClass: NativeClass:/Script/Engine.StaticMeshActor Name:StaticMeshActor_UAID_0456E5043877604402_1939050266 Label:SM_Cube22 SpatiallyLoaded:1 Bounds:IsValid=true, Min=(X=450.000 Y=2620.000 Z=0.000), Max=(X=1150.000 Y=2720.000 Z=400.000) RuntimeGrid:None EditorOnly:0 RuntimeOnly:0 HLODRelevant:1 ListedInSceneOutliner:1 IsMainWorldOnly:0 FolderPath:Playground/Room2 FolderGuid:C9C991624E953D49E418D2A7E1D6C9B1
 |   |   |- [+] [  9]
 |   |   |   |- Guid:35758C2C462951CC11E9B7806D4512EB BaseClass: NativeClass:/Script/Engine.StaticMeshActor Name:StaticMeshActor_UAID_0456E5043877604402_1939030248 Label:SM_Cube19 SpatiallyLoaded:1 Bounds:IsValid=true, Min=(X=-450.000 Y=720.000 Z=-50.000), Max=(X=1150.000 Y=1395.000 Z=0.000) RuntimeGrid:None EditorOnly:0 RuntimeOnly:0 HLODRelevant:1 ListedInSceneOutliner:1 IsMainWorldOnly:0 FolderPath:Playground/Room2 FolderGuid:C9C991624E953D49E418D2A7E1D6C9B1
 |   |   |- [+] [ 10]
 |   |   |   |- Guid:3B3B808748C6281822298E891C1AF5DB BaseClass: NativeClass:/Script/Engine.StaticMeshActor Name:StaticMeshActor_UAID_0456E5043877604402_1939046263 Label:SM_Cube14 SpatiallyLoaded:1 Bounds:IsValid=true, Min=(X=450.000 Y=720.000 Z=0.000), Max=(X=1150.000 Y=820.000 Z=400.000) RuntimeGrid:None EditorOnly:0 RuntimeOnly:0 HLODRelevant:1 ListedInSceneOutliner:1 IsMainWorldOnly:0 FolderPath:Playground/Room1 FolderGuid:4AB50899493EBBACC2E63DAB3A55162D
 |   |   |- [+] [ 11]
 |   |   |   |- Guid:4941C00F409B38AEFD641AAE42374B24 BaseClass: NativeClass:/Script/Engine.StaticMeshActor Name:StaticMeshActor_UAID_0456E5043877604402_1939044261 Label:SM_Cube16 SpatiallyLoaded:1 Bounds:IsValid=true, Min=(X=-450.000 Y=20.000 Z=400.000), Max=(X=1150.000 Y=820.000 Z=450.000) RuntimeGrid:None EditorOnly:0 RuntimeOnly:0 HLODRelevant:1 ListedInSceneOutliner:1 IsMainWorldOnly:0 FolderPath:Playground/Room1 FolderGuid:4AB50899493EBBACC2E63DAB3A55162D
 |   |   |- [+] [ 12]
 |   |   |   |- Guid:4BC4CF204032325EE45A24A9F57D07C2 BaseClass: NativeClass:/Script/Engine.StaticMeshActor Name:StaticMeshActor_UAID_0456E5043877604402_1939019238 Label:SM_Cube23 SpatiallyLoaded:1 Bounds:IsValid=true, Min=(X=250.000 Y=2620.000 Z=300.000), Max=(X=450.000 Y=2720.000 Z=400.000) RuntimeGrid:None EditorOnly:0 RuntimeOnly:0 HLODRelevant:1 ListedInSceneOutliner:1 IsMainWorldOnly:0 FolderPath:Playground/Room2 FolderGuid:C9C991624E953D49E418D2A7E1D6C9B1
 |   |   |- [+] [ 13]
 |   |   |   |- Guid:4E89C48F44984306F65054B9AC6CA61E BaseClass:/Game/Blueprints/bp_VerticalDoor.bp_VerticalDoor_C NativeClass:/Script/Engine.Actor Name:bp_VerticalDoor_C_UAID_0456E5043877604402_2065058270 Label:bp_VerticalDoor SpatiallyLoaded:1 Bounds:IsValid=true, Min=(X=250.000 Y=735.000 Z=-22.500), Max=(X=450.000 Y=785.000 Z=302.500) RuntimeGrid:None EditorOnly:0 RuntimeOnly:0 HLODRelevant:0 ListedInSceneOutliner:1 IsMainWorldOnly:0 FolderPath:Playground/Room1 FolderGuid:4AB50899493EBBACC2E63DAB3A55162D
 |   |   |   |- Guid:6A18F8CC45E9CE0BE2E94EB48789ADDF BaseClass:/Game/Blueprints/bp_CubePressurePlate.bp_CubePressurePlate_C NativeClass:/Script/Engine.Actor Name:bp_CubePressurePlate_C_UAID_0456E5043877604402_2093627271 Label:bp_CubePressurePlate SpatiallyLoaded:1 Bounds:IsValid=true, Min=(X=611.919 Y=289.883 Z=-29.335), Max=(X=871.549 Y=550.117 Z=132.500) RuntimeGrid:None EditorOnly:0 RuntimeOnly:0 HLODRelevant:0 ListedInSceneOutliner:1 IsMainWorldOnly:0
 |   |   |- [+] [ 14]
 |   |   |   |- Guid:5D9CF376472A8C802E0529BB41C3E098 BaseClass: NativeClass:/Script/Engine.StaticMeshActor Name:StaticMeshActor_UAID_0456E5043877604402_1939043260 Label:SM_Cube28 SpatiallyLoaded:1 Bounds:IsValid=true, Min=(X=-350.000 Y=1320.000 Z=-300.000), Max=(X=1050.000 Y=1420.000 Z=0.000) RuntimeGrid:None EditorOnly:0 RuntimeOnly:0 HLODRelevant:1 ListedInSceneOutliner:1 IsMainWorldOnly:0 FolderPath:Playground/Room2 FolderGuid:C9C991624E953D49E418D2A7E1D6C9B1
 |   |   |- [+] [ 15]
 |   |   |   |- Guid:67DB75FA4520E29C32A1C98F37A9EB06 BaseClass: NativeClass:/Script/Engine.RectLight Name:RectLight_UAID_0456E5043877604402_1939005235 Label:RoomLight8 SpatiallyLoaded:1 Bounds:IsValid=true, Min=(X=-400.000 Y=170.000 Z=-610.000), Max=(X=1600.000 Y=2170.000 Z=1390.000) RuntimeGrid:None EditorOnly:0 RuntimeOnly:0 HLODRelevant:0 ListedInSceneOutliner:1 IsMainWorldOnly:0 FolderPath:Playground/Room2/Light FolderGuid:B6F293EB44EB7BBB2F0FA4BDB7B405B4
 |   |   |- [+] [ 16]
 |   |   |   |- Guid:693E56734B5BE8524A311B8EED32491A BaseClass: NativeClass:/Script/Engine.StaticMeshActor Name:StaticMeshActor_UAID_0456E5043877604402_1939049265 Label:SM_Cube27 SpatiallyLoaded:1 Bounds:IsValid=true, Min=(X=1050.000 Y=1320.000 Z=-300.000), Max=(X=1150.000 Y=2320.000 Z=0.000) RuntimeGrid:None EditorOnly:0 RuntimeOnly:0 HLODRelevant:1 ListedInSceneOutliner:1 IsMainWorldOnly:0 FolderPath:Playground/Room2 FolderGuid:C9C991624E953D49E418D2A7E1D6C9B1
 |   |   |- [+] [ 17]
 |   |   |   |- Guid:6FEFB3BD4EB37B849EF0D4AC80F83855 BaseClass: NativeClass:/Script/Engine.WorldDataLayers Name:WorldDataLayers Label:WorldDataLayers SpatiallyLoaded:0 Bounds:IsValid=true, Min=(X=0.000 Y=0.000 Z=0.000), Max=(X=0.000 Y=0.000 Z=0.000) RuntimeGrid:None EditorOnly:0 RuntimeOnly:0 HLODRelevant:0 ListedInSceneOutliner:1 IsMainWorldOnly:1
 |   |   |- [+] [ 18]
 |   |   |   |- Guid:77F6551B40BEAAD75F71D1BDB01F9C81 BaseClass: NativeClass:/Script/Engine.StaticMeshActor Name:StaticMeshActor_UAID_0456E5043877604402_1939023242 Label:SM_Cube15 SpatiallyLoaded:1 Bounds:IsValid=true, Min=(X=250.000 Y=720.000 Z=300.000), Max=(X=450.000 Y=820.000 Z=400.000) RuntimeGrid:None EditorOnly:0 RuntimeOnly:0 HLODRelevant:1 ListedInSceneOutliner:1 IsMainWorldOnly:0 FolderPath:Playground/Room1 FolderGuid:4AB50899493EBBACC2E63DAB3A55162D
 |   |   |- [+] [ 19]
 |   |   |   |- Guid:78106592413213C9351F8988FEE7E37D BaseClass: NativeClass:/Script/Engine.StaticMeshActor Name:StaticMeshActor_UAID_0456E5043877614402_1147853449 Label:SM_ChamferCube SpatiallyLoaded:1 Bounds:IsValid=true, Min=(X=-110.000 Y=370.000 Z=10.000), Max=(X=-10.000 Y=470.000 Z=110.000) RuntimeGrid:None EditorOnly:0 RuntimeOnly:0 HLODRelevant:0 ListedInSceneOutliner:1 IsMainWorldOnly:0
 |   |   |- [+] [ 20]
 |   |   |   |- Guid:7CCD49E74E3E358ACACF1AB08C65A41A BaseClass:/Game/Blueprint/bp_door.bp_door_C NativeClass:/Script/Engine.Actor Name:bp_door_C_UAID_6C02E03FE469624402_1276631551 Label:bp_door SpatiallyLoaded:1 Bounds:IsValid=true, Min=(X=660.000 Y=590.000 Z=0.000), Max=(X=760.000 Y=610.000 Z=200.000) RuntimeGrid:None EditorOnly:0 RuntimeOnly:0 HLODRelevant:0 ListedInSceneOutliner:1 IsMainWorldOnly:0
 |   |   |- [+] [ 21]
 |   |   |   |- Guid:92F494F54A5EDFBEF35584AC67A021E9 BaseClass: NativeClass:/Script/Engine.StaticMeshActor Name:StaticMeshActor_UAID_0456E5043877604402_1939052268 Label:SM_Ramp SpatiallyLoaded:1 Bounds:IsValid=true, Min=(X=50.000 Y=1420.000 Z=-300.000), Max=(X=850.000 Y=1520.000 Z=0.000) RuntimeGrid:None EditorOnly:0 RuntimeOnly:0 HLODRelevant:1 ListedInSceneOutliner:1 IsMainWorldOnly:0
 |   |   |- [+] [ 22]
 |   |   |   |- Guid:96F18F3C4DB4B982F0B676B95EEE01DB BaseClass: NativeClass:/Script/Engine.RectLight Name:RectLight_UAID_0456E5043877604402_1939016236 Label:RoomLight9 SpatiallyLoaded:1 Bounds:IsValid=true, Min=(X=-900.000 Y=170.000 Z=-610.000), Max=(X=1100.000 Y=2170.000 Z=1390.000) RuntimeGrid:None EditorOnly:0 RuntimeOnly:0 HLODRelevant:0 ListedInSceneOutliner:1 IsMainWorldOnly:0 FolderPath:Playground/Room2/Light FolderGuid:B6F293EB44EB7BBB2F0FA4BDB7B405B4
 |   |   |- [+] [ 23]
 |   |   |   |- Guid:998E8FC6413F1C73580EDF9B5543FA28 BaseClass: NativeClass:/Script/Engine.StaticMeshActor Name:StaticMeshActor_UAID_0456E5043877604402_1939034251 Label:SM_Cube12 SpatiallyLoaded:1 Bounds:IsValid=true, Min=(X=1050.000 Y=120.000 Z=0.000), Max=(X=1150.000 Y=720.000 Z=400.000) RuntimeGrid:None EditorOnly:0 RuntimeOnly:0 HLODRelevant:1 ListedInSceneOutliner:1 IsMainWorldOnly:0 FolderPath:Playground/Room1 FolderGuid:4AB50899493EBBACC2E63DAB3A55162D
 |   |   |- [+] [ 24]
 |   |   |   |- Guid:9B4832AC40C3979103937EA910E7953E BaseClass: NativeClass:/Script/Engine.PostProcessVolume Name:PostProcessVolume_UAID_0456E5043877604402_1954610269 Label:PostProcessVolume SpatiallyLoaded:0 Bounds:IsValid=true, Min=(X=0.000 Y=0.000 Z=400.000), Max=(X=200.000 Y=200.000 Z=600.000) RuntimeGrid:None EditorOnly:0 RuntimeOnly:0 HLODRelevant:0 ListedInSceneOutliner:1 IsMainWorldOnly:0 FolderPath:Lighting FolderGuid:01E1DB6E46DA12F64FB282879C7D4945
 |   |   |- [+] [ 25]
 |   |   |   |- Guid:9C06FD294A7FBE23899F78BD3A404F6A BaseClass: NativeClass:/Script/Engine.StaticMeshActor Name:StaticMeshActor_UAID_0456E5043877604402_1939020239 Label:SM_Cube30 SpatiallyLoaded:1 Bounds:IsValid=true, Min=(X=-450.000 Y=720.000 Z=400.000), Max=(X=1150.000 Y=2720.000 Z=450.000) RuntimeGrid:None EditorOnly:0 RuntimeOnly:0 HLODRelevant:1 ListedInSceneOutliner:1 IsMainWorldOnly:0 FolderPath:Playground/Room2 FolderGuid:C9C991624E953D49E418D2A7E1D6C9B1
 |   |   |- [+] [ 26]
 |   |   |   |- Guid:A515D17C477EA7C9E06FE7A49242161F BaseClass: NativeClass:/Script/Engine.StaticMeshActor Name:StaticMeshActor_UAID_0456E5043877604402_1939021240 Label:SM_Cube26 SpatiallyLoaded:1 Bounds:IsValid=true, Min=(X=-450.000 Y=1320.000 Z=-300.000), Max=(X=-350.000 Y=2320.000 Z=0.000) RuntimeGrid:None EditorOnly:0 RuntimeOnly:0 HLODRelevant:1 ListedInSceneOutliner:1 IsMainWorldOnly:0 FolderPath:Playground/Room2 FolderGuid:C9C991624E953D49E418D2A7E1D6C9B1
 |   |   |- [+] [ 27]
 |   |   |   |- Guid:A7D56BFE4113B834C4695CB918B2E584 BaseClass: NativeClass:/Script/Engine.StaticMeshActor Name:StaticMeshActor_UAID_0456E5043877604402_1939044262 Label:SM_Cube31 SpatiallyLoaded:1 Bounds:IsValid=true, Min=(X=850.000 Y=1420.000 Z=-300.000), Max=(X=1050.000 Y=1520.000 Z=0.000) RuntimeGrid:None EditorOnly:0 RuntimeOnly:0 HLODRelevant:1 ListedInSceneOutliner:1 IsMainWorldOnly:0 FolderPath:Playground/Room2 FolderGuid:C9C991624E953D49E418D2A7E1D6C9B1
 |   |   |- [+] [ 28]
 |   |   |   |- Guid:BBA728744FC5324B2247FDAA7DE8CF65 BaseClass:/Game/FirstPerson/Blueprints/BP_Pickup_Rifle.BP_Pickup_Rifle_C NativeClass:/Script/Engine.Actor Name:BP_Rifle_C_UAID_0456E5043877604402_1939033250 Label:BP_Pickup_Rifle SpatiallyLoaded:1 Bounds:IsValid=true, Min=(X=318.000 Y=458.000 Z=64.000), Max=(X=382.000 Y=547.440 Z=128.000) RuntimeGrid:None EditorOnly:0 RuntimeOnly:0 HLODRelevant:0 ListedInSceneOutliner:1 IsMainWorldOnly:0
 |   |   |- [+] [ 29]
 |   |   |   |- Guid:BC600D08453B42DD0C8B70AA119C2376 BaseClass: NativeClass:/Script/Engine.PlayerStart Name:PlayerStart_UAID_0456E5043877604402_1939036253 Label:PlayerStart SpatiallyLoaded:0 Bounds:IsValid=true, Min=(X=310.000 Y=310.000 Z=0.013), Max=(X=390.000 Y=390.000 Z=184.013) RuntimeGrid:None EditorOnly:0 RuntimeOnly:0 HLODRelevant:0 ListedInSceneOutliner:1 IsMainWorldOnly:0
 |   |   |- [+] [ 30]
 |   |   |   |- Guid:C917496044874C13A97AEC904DA73C79 BaseClass: NativeClass:/Script/Engine.StaticMeshActor Name:StaticMeshActor_UAID_0456E5043877604402_1939040257 Label:SM_Cube13 SpatiallyLoaded:1 Bounds:IsValid=true, Min=(X=-450.000 Y=120.000 Z=0.000), Max=(X=-350.000 Y=720.000 Z=400.000) RuntimeGrid:None EditorOnly:0 RuntimeOnly:0 HLODRelevant:1 ListedInSceneOutliner:1 IsMainWorldOnly:0 FolderPath:Playground/Room1 FolderGuid:4AB50899493EBBACC2E63DAB3A55162D
 |   |   |- [+] [ 31]
 |   |   |   |- Guid:C92380A042C5FD39938984AB16929A00 BaseClass: NativeClass:/Script/Engine.RectLight Name:RectLight_UAID_0456E5043877604402_1939037254 Label:RoomLight10 SpatiallyLoaded:1 Bounds:IsValid=true, Min=(X=-400.000 Y=720.000 Z=-610.000), Max=(X=1600.000 Y=2720.000 Z=1390.000) RuntimeGrid:None EditorOnly:0 RuntimeOnly:0 HLODRelevant:0 ListedInSceneOutliner:1 IsMainWorldOnly:0 FolderPath:Playground/Room2/Light FolderGuid:B6F293EB44EB7BBB2F0FA4BDB7B405B4
 |   |   |- [+] [ 32]
 |   |   |   |- Guid:CB4F38A44A70654CC0C7B39EC2EA2CF9 BaseClass: NativeClass:/Script/Engine.RectLight Name:RectLight_UAID_0456E5043877604402_1939032249 Label:RoomLight11 SpatiallyLoaded:1 Bounds:IsValid=true, Min=(X=-900.000 Y=720.000 Z=-610.000), Max=(X=1100.000 Y=2720.000 Z=1390.000) RuntimeGrid:None EditorOnly:0 RuntimeOnly:0 HLODRelevant:0 ListedInSceneOutliner:1 IsMainWorldOnly:0 FolderPath:Playground/Room2/Light FolderGuid:B6F293EB44EB7BBB2F0FA4BDB7B405B4
 |   |   |- [+] [ 33]
 |   |   |   |- Guid:DB05DD4A46C76BFA2838B7970BE66703 BaseClass: NativeClass:/Script/Engine.StaticMeshActor Name:StaticMeshActor_UAID_0456E5043877604402_1939039256 Label:SM_Cube29 SpatiallyLoaded:1 Bounds:IsValid=true, Min=(X=-350.000 Y=2220.000 Z=-300.000), Max=(X=1050.000 Y=2320.000 Z=0.000) RuntimeGrid:None EditorOnly:0 RuntimeOnly:0 HLODRelevant:1 ListedInSceneOutliner:1 IsMainWorldOnly:0 FolderPath:Playground/Room2 FolderGuid:C9C991624E953D49E418D2A7E1D6C9B1
 |   |   |- [+] [ 34]
 |   |   |   |- Guid:E042816C40B1E1943576308B704C2BCE BaseClass: NativeClass:/Script/Engine.StaticMeshActor Name:StaticMeshActor_UAID_0456E5043877604402_1939018237 Label:SM_Cube20 SpatiallyLoaded:1 Bounds:IsValid=true, Min=(X=1050.000 Y=820.000 Z=0.000), Max=(X=1150.000 Y=2620.000 Z=400.000) RuntimeGrid:None EditorOnly:0 RuntimeOnly:0 HLODRelevant:1 ListedInSceneOutliner:1 IsMainWorldOnly:0 FolderPath:Playground/Room2 FolderGuid:C9C991624E953D49E418D2A7E1D6C9B1
 |   |   |- [+] [ 35]
 |   |   |   |- Guid:E23F287448ECCD81FC684F951FA13F7D BaseClass: NativeClass:/Script/Engine.StaticMeshActor Name:StaticMeshActor_UAID_0456E5043877604402_1939042258 Label:SM_Cube24 SpatiallyLoaded:1 Bounds:IsValid=true, Min=(X=-450.000 Y=2245.000 Z=-50.000), Max=(X=1150.000 Y=2720.000 Z=0.000) RuntimeGrid:None EditorOnly:0 RuntimeOnly:0 HLODRelevant:1 ListedInSceneOutliner:1 IsMainWorldOnly:0 FolderPath:Playground/Room2 FolderGuid:C9C991624E953D49E418D2A7E1D6C9B1
 |   |   |- [+] [ 36]
 |   |   |   |- Guid:E76AB0C945792FFF851F0F90D9036F04 BaseClass: NativeClass:/Script/Engine.StaticMeshActor Name:StaticMeshActor_UAID_0456E5043877604402_1939038255 Label:SM_Cube17 SpatiallyLoaded:1 Bounds:IsValid=true, Min=(X=-450.000 Y=20.000 Z=0.000), Max=(X=1150.000 Y=120.000 Z=400.000) RuntimeGrid:None EditorOnly:0 RuntimeOnly:0 HLODRelevant:1 ListedInSceneOutliner:1 IsMainWorldOnly:0 FolderPath:Playground/Room1 FolderGuid:4AB50899493EBBACC2E63DAB3A55162D
 |   |   |- [+] [ 37]
 |   |   |   |- Guid:F9DD121547A419E8872D82AB9CDFF0FC BaseClass: NativeClass:/Script/Engine.StaticMeshActor Name:StaticMeshActor_UAID_0456E5043877604402_1939022241 Label:SM_Cube18 SpatiallyLoaded:1 Bounds:IsValid=true, Min=(X=-450.000 Y=2620.000 Z=0.000), Max=(X=250.000 Y=2720.000 Z=400.000) RuntimeGrid:None EditorOnly:0 RuntimeOnly:0 HLODRelevant:1 ListedInSceneOutliner:1 IsMainWorldOnly:0 FolderPath:Playground/Room2 FolderGuid:C9C991624E953D49E418D2A7E1D6C9B1
 |- ContainerInstances:
 |- [+] MainContainer:
 |   |-        ID: 00000000000000000000000000000000
 |   |-  ParentID: 00000000000000000000000000000000
 |   |-    Bounds: IsValid=false, Min=(X=0.000 Y=0.000 Z=0.000), Max=(X=0.000 Y=0.000 Z=0.000)
 |   |- Transform: 0.000000,0.000000,0.000000|0.000000,0.000000,-0.000000|1.000000,1.000000,1.000000
 |   |- Container: /Game/FirstPerson/Maps/FirstPersonMap
----------------------------------------------------------------------------------------------------------------
FirstPersonMap - Persistent Level
----------------------------------------------------------------------------------------------------------------
[+] Content of FirstPersonMap Persistent Level
 |- Always loaded Actor Count: 39 
 |- Actor Path: /Game/FirstPerson/Maps/FirstPersonMap.FirstPersonMap:PersistentLevel.bp_CubePressurePlate_C_UAID_0456E5043877604402_2093627271
 |- Actor Package: /Game/__ExternalActors__/FirstPerson/Maps/FirstPersonMap/8/BS/FEMXAHL36TI4Y930VIKYKH
 |- Actor Path: /Game/FirstPerson/Maps/FirstPersonMap.FirstPersonMap:PersistentLevel.bp_door_C_UAID_6C02E03FE469624402_1276631551
 |- Actor Package: /Game/__ExternalActors__/FirstPerson/Maps/FirstPersonMap/5/L4/ONHT02ZZS8682RXHZ48P2D
 |- Actor Path: /Game/FirstPerson/Maps/FirstPersonMap.FirstPersonMap:PersistentLevel.BP_Rifle_C_UAID_0456E5043877604402_1939033250
 |- Actor Package: /Game/__ExternalActors__/FirstPerson/Maps/FirstPersonMap/7/57/6Q6T6WV8T8JYP3GEGZ1IOC
 |- Actor Path: /Game/FirstPerson/Maps/FirstPersonMap.FirstPersonMap:PersistentLevel.bp_VerticalDoor_C_UAID_0456E5043877604402_2065058270
 |- Actor Package: /Game/__ExternalActors__/FirstPerson/Maps/FirstPersonMap/B/24/5G71S3T8XYHDXLWOBTQT00
 |- Actor Path: /Game/FirstPerson/Maps/FirstPersonMap.FirstPersonMap:PersistentLevel.PlayerStart_UAID_0456E5043877604402_1939036253
 |- Actor Package: /Game/__ExternalActors__/FirstPerson/Maps/FirstPersonMap/E/85/RKQYBI4J250JV3TW1RYLIF
 |- Actor Path: /Game/FirstPerson/Maps/FirstPersonMap.FirstPersonMap:PersistentLevel.PostProcessVolume_UAID_0456E5043877604402_1954610269
 |- Actor Package: /Game/__ExternalActors__/FirstPerson/Maps/FirstPersonMap/2/EM/CB7QF9XDIQZKH2TN5CL02T
 |- Actor Path: /Game/FirstPerson/Maps/FirstPersonMap.FirstPersonMap:PersistentLevel.RectLight_UAID_0456E5043877604402_1939005235
 |- Actor Package: /Game/__ExternalActors__/FirstPerson/Maps/FirstPersonMap/4/28/LMXRAV5G7I4LMT2REDAX41
 |- Actor Path: /Game/FirstPerson/Maps/FirstPersonMap.FirstPersonMap:PersistentLevel.RectLight_UAID_0456E5043877604402_1939016236
 |- Actor Package: /Game/__ExternalActors__/FirstPerson/Maps/FirstPersonMap/D/5P/8BPNP4QEWGGDDDK1F4V0M4
 |- Actor Path: /Game/FirstPerson/Maps/FirstPersonMap.FirstPersonMap:PersistentLevel.RectLight_UAID_0456E5043877604402_1939025244
 |- Actor Package: /Game/__ExternalActors__/FirstPerson/Maps/FirstPersonMap/7/QT/B9WWBJHV6OK8GFODTO8D19
 |- Actor Path: /Game/FirstPerson/Maps/FirstPersonMap.FirstPersonMap:PersistentLevel.RectLight_UAID_0456E5043877604402_1939026245
 |- Actor Package: /Game/__ExternalActors__/FirstPerson/Maps/FirstPersonMap/E/B9/5ZV0UZ8ZOJAZO6KKB2LICE
 |- Actor Path: /Game/FirstPerson/Maps/FirstPersonMap.FirstPersonMap:PersistentLevel.RectLight_UAID_0456E5043877604402_1939027246
 |- Actor Package: /Game/__ExternalActors__/FirstPerson/Maps/FirstPersonMap/F/3G/QR4151Q91A54DXVVEE248A
 |- Actor Path: /Game/FirstPerson/Maps/FirstPersonMap.FirstPersonMap:PersistentLevel.RectLight_UAID_0456E5043877604402_1939032249
 |- Actor Package: /Game/__ExternalActors__/FirstPerson/Maps/FirstPersonMap/7/C6/KPU6L5YPORIJSV8S3UFYSM
 |- Actor Path: /Game/FirstPerson/Maps/FirstPersonMap.FirstPersonMap:PersistentLevel.RectLight_UAID_0456E5043877604402_1939035252
 |- Actor Package: /Game/__ExternalActors__/FirstPerson/Maps/FirstPersonMap/4/YB/KMG7Y4OU8WAYWKCOY1KRA8
 |- Actor Path: /Game/FirstPerson/Maps/FirstPersonMap.FirstPersonMap:PersistentLevel.RectLight_UAID_0456E5043877604402_1939037254
 |- Actor Package: /Game/__ExternalActors__/FirstPerson/Maps/FirstPersonMap/D/J1/RHFMM6QSVQLQFRZBQ94JJG
 |- Actor Path: /Game/FirstPerson/Maps/FirstPersonMap.FirstPersonMap:PersistentLevel.StaticMeshActor_UAID_0456E5043877604402_1939018237
 |- Actor Package: /Game/__ExternalActors__/FirstPerson/Maps/FirstPersonMap/0/0H/CNQNUAWVNWS4J6V8L3KZHT
 |- Actor Path: /Game/FirstPerson/Maps/FirstPersonMap.FirstPersonMap:PersistentLevel.StaticMeshActor_UAID_0456E5043877604402_1939019238
 |- Actor Package: /Game/__ExternalActors__/FirstPerson/Maps/FirstPersonMap/8/RF/0POASYC5ZV9G11S9KV8VG0
 |- Actor Path: /Game/FirstPerson/Maps/FirstPersonMap.FirstPersonMap:PersistentLevel.StaticMeshActor_UAID_0456E5043877604402_1939020239
 |- Actor Package: /Game/__ExternalActors__/FirstPerson/Maps/FirstPersonMap/E/A4/MHO1ET31D8FMRR63X3QFZP
 |- Actor Path: /Game/FirstPerson/Maps/FirstPersonMap.FirstPersonMap:PersistentLevel.StaticMeshActor_UAID_0456E5043877604402_1939021240
 |- Actor Package: /Game/__ExternalActors__/FirstPerson/Maps/FirstPersonMap/1/7I/K5XNUS2CFEU1WGTDJVE1XX
 |- Actor Path: /Game/FirstPerson/Maps/FirstPersonMap.FirstPersonMap:PersistentLevel.StaticMeshActor_UAID_0456E5043877604402_1939022241
 |- Actor Package: /Game/__ExternalActors__/FirstPerson/Maps/FirstPersonMap/8/NY/EXVQ6N8OUNC1D1Z4V4L8QP
 |- Actor Path: /Game/FirstPerson/Maps/FirstPersonMap.FirstPersonMap:PersistentLevel.StaticMeshActor_UAID_0456E5043877604402_1939023242
 |- Actor Package: /Game/__ExternalActors__/FirstPerson/Maps/FirstPersonMap/2/UZ/J9CU8WEDFWEORU37KXRV03
 |- Actor Path: /Game/FirstPerson/Maps/FirstPersonMap.FirstPersonMap:PersistentLevel.StaticMeshActor_UAID_0456E5043877604402_1939024243
 |- Actor Package: /Game/__ExternalActors__/FirstPerson/Maps/FirstPersonMap/E/GN/VMZYHZNSS00NGI31MX97WP
 |- Actor Path: /Game/FirstPerson/Maps/FirstPersonMap.FirstPersonMap:PersistentLevel.StaticMeshActor_UAID_0456E5043877604402_1939030248
 |- Actor Package: /Game/__ExternalActors__/FirstPerson/Maps/FirstPersonMap/2/63/E8RESGF1F29L8LWNDIU3C4
 |- Actor Path: /Game/FirstPerson/Maps/FirstPersonMap.FirstPersonMap:PersistentLevel.StaticMeshActor_UAID_0456E5043877604402_1939034251
 |- Actor Package: /Game/__ExternalActors__/FirstPerson/Maps/FirstPersonMap/6/GL/9O6TMK766UG5SDJX2RRDRK
 |- Actor Path: /Game/FirstPerson/Maps/FirstPersonMap.FirstPersonMap:PersistentLevel.StaticMeshActor_UAID_0456E5043877604402_1939038255
 |- Actor Package: /Game/__ExternalActors__/FirstPerson/Maps/FirstPersonMap/A/K1/8X8TQHGDX7R5VSTWR44GX3
 |- Actor Path: /Game/FirstPerson/Maps/FirstPersonMap.FirstPersonMap:PersistentLevel.StaticMeshActor_UAID_0456E5043877604402_1939039256
 |- Actor Package: /Game/__ExternalActors__/FirstPerson/Maps/FirstPersonMap/D/SM/N5TU1FCSWD2C3AV10QT7U2
 |- Actor Path: /Game/FirstPerson/Maps/FirstPersonMap.FirstPersonMap:PersistentLevel.StaticMeshActor_UAID_0456E5043877604402_1939040257
 |- Actor Package: /Game/__ExternalActors__/FirstPerson/Maps/FirstPersonMap/7/ZU/FJFQ7NED0J7PSJ5W8TGIF2
 |- Actor Path: /Game/FirstPerson/Maps/FirstPersonMap.FirstPersonMap:PersistentLevel.StaticMeshActor_UAID_0456E5043877604402_1939042258
 |- Actor Package: /Game/__ExternalActors__/FirstPerson/Maps/FirstPersonMap/7/K3/L0Z56JQH7LD6ZG6XKRGSOQ
 |- Actor Path: /Game/FirstPerson/Maps/FirstPersonMap.FirstPersonMap:PersistentLevel.StaticMeshActor_UAID_0456E5043877604402_1939042259
 |- Actor Package: /Game/__ExternalActors__/FirstPerson/Maps/FirstPersonMap/4/LY/GC1RBZHS4AWK06JLLVAQHJ
 |- Actor Path: /Game/FirstPerson/Maps/FirstPersonMap.FirstPersonMap:PersistentLevel.StaticMeshActor_UAID_0456E5043877604402_1939043260
 |- Actor Package: /Game/__ExternalActors__/FirstPerson/Maps/FirstPersonMap/B/JD/7NT6UXOK40A7OA5YLJPXQB
 |- Actor Path: /Game/FirstPerson/Maps/FirstPersonMap.FirstPersonMap:PersistentLevel.StaticMeshActor_UAID_0456E5043877604402_1939044261
 |- Actor Package: /Game/__ExternalActors__/FirstPerson/Maps/FirstPersonMap/7/YP/TFQALRYK1U2L0OIEJAYCZL
 |- Actor Path: /Game/FirstPerson/Maps/FirstPersonMap.FirstPersonMap:PersistentLevel.StaticMeshActor_UAID_0456E5043877604402_1939044262
 |- Actor Package: /Game/__ExternalActors__/FirstPerson/Maps/FirstPersonMap/0/21/JQFZB2DJWYCZGTX5ZZAST6
 |- Actor Path: /Game/FirstPerson/Maps/FirstPersonMap.FirstPersonMap:PersistentLevel.StaticMeshActor_UAID_0456E5043877604402_1939046263
 |- Actor Package: /Game/__ExternalActors__/FirstPerson/Maps/FirstPersonMap/E/6Z/I5BI3CMUSAYFPYI8OJW028
 |- Actor Path: /Game/FirstPerson/Maps/FirstPersonMap.FirstPersonMap:PersistentLevel.StaticMeshActor_UAID_0456E5043877604402_1939047264
 |- Actor Package: /Game/__ExternalActors__/FirstPerson/Maps/FirstPersonMap/7/70/GYFHJHJ5LCWHO7H6DWMNOH
 |- Actor Path: /Game/FirstPerson/Maps/FirstPersonMap.FirstPersonMap:PersistentLevel.StaticMeshActor_UAID_0456E5043877604402_1939049265
 |- Actor Package: /Game/__ExternalActors__/FirstPerson/Maps/FirstPersonMap/0/RJ/UE4870XX6LTFBW80J40NZG
 |- Actor Path: /Game/FirstPerson/Maps/FirstPersonMap.FirstPersonMap:PersistentLevel.StaticMeshActor_UAID_0456E5043877604402_1939050266
 |- Actor Package: /Game/__ExternalActors__/FirstPerson/Maps/FirstPersonMap/3/7Q/8GM53J5AH6XXIAJS75LXDC
 |- Actor Path: /Game/FirstPerson/Maps/FirstPersonMap.FirstPersonMap:PersistentLevel.StaticMeshActor_UAID_0456E5043877604402_1939050267
 |- Actor Package: /Game/__ExternalActors__/FirstPerson/Maps/FirstPersonMap/7/ZO/61E6W8W2GYKIWW17WA6EO8
 |- Actor Path: /Game/FirstPerson/Maps/FirstPersonMap.FirstPersonMap:PersistentLevel.StaticMeshActor_UAID_0456E5043877604402_1939052268
 |- Actor Package: /Game/__ExternalActors__/FirstPerson/Maps/FirstPersonMap/E/4G/7E7EH4NLYSQGN5AKP4W3H0
 |- Actor Path: /Game/FirstPerson/Maps/FirstPersonMap.FirstPersonMap:PersistentLevel.StaticMeshActor_UAID_0456E5043877614402_1147853449
 |- Actor Package: /Game/__ExternalActors__/FirstPerson/Maps/FirstPersonMap/4/WH/IO0IB70CEB8YKC5FH0OLJ7
 |- Actor Path: /Game/FirstPerson/Maps/FirstPersonMap.FirstPersonMap:PersistentLevel.WorldDataLayers
 |- Actor Package: /Game/__ExternalActors__/FirstPerson/Maps/FirstPersonMap/D/0W/E1FKEGVKGOLM7HGLQPCIPO

----------------------------------------------------------------------------------------------------------------
FirstPersonMap - Runtime Hash Set
----------------------------------------------------------------------------------------------------------------

